This file contains any messages produced by compilers while
running configure, to aid debugging if configure makes a mistake.

It was created by practica1 configure 0.1, which was
generated by GNU Autoconf 2.59.  Invocation command line was

  $ ./configure 

## --------- ##
## Platform. ##
## --------- ##

hostname = painkiller
uname -m = i686
uname -r = 2.6.15-23-686
uname -s = Linux
uname -v = #1 SMP PREEMPT Tue May 23 14:03:07 UTC 2006

/usr/bin/uname -p = unknown
/bin/uname -X     = unknown

/bin/arch              = i686
/usr/bin/arch -k       = unknown
/usr/convex/getsysinfo = unknown
hostinfo               = unknown
/bin/machine           = unknown
/usr/bin/oslevel       = unknown
/bin/universe          = unknown

PATH: /usr/local/sbin
PATH: /usr/local/bin
PATH: /usr/sbin
PATH: /usr/bin
PATH: /sbin
PATH: /bin
PATH: /usr/bin/X11
PATH: /usr/games


## ----------- ##
## Core tests. ##
## ----------- ##

configure:1345: checking for a BSD-compatible install
configure:1400: result: /usr/bin/install -c
configure:1411: checking whether build environment is sane
configure:1454: result: yes
configure:1469: checking whether make sets $(MAKE)
configure:1489: result: yes
configure:1521: checking for working aclocal-1.4
configure:1528: result: found
configure:1536: checking for working autoconf
configure:1543: result: found
configure:1551: checking for working automake-1.4
configure:1558: result: found
configure:1566: checking for working autoheader
configure:1573: result: found
configure:1581: checking for working makeinfo
configure:1592: result: missing
configure:1646: checking for gcc
configure:1662: found /usr/bin/gcc
configure:1672: result: gcc
configure:1916: checking for C compiler version
configure:1919: gcc --version </dev/null >&5
gcc (GCC) 4.0.3 (Ubuntu 4.0.3-1ubuntu5)
Copyright (C) 2006 Free Software Foundation, Inc.
This is free software; see the source for copying conditions.  There is NO
warranty; not even for MERCHANTABILITY or FITNESS FOR A PARTICULAR PURPOSE.

configure:1922: $? = 0
configure:1924: gcc -v </dev/null >&5
Using built-in specs.
Target: i486-linux-gnu
Configured with: ../src/configure -v --enable-languages=c,c++,java,f95,objc,ada,treelang --prefix=/usr --enable-shared --with-system-zlib --libexecdir=/usr/lib --without-included-gettext --enable-threads=posix --enable-nls --program-suffix=-4.0 --enable-__cxa_atexit --enable-clocale=gnu --enable-libstdcxx-debug --enable-java-awt=gtk-default --enable-gtk-cairo --with-java-home=/usr/lib/jvm/java-1.4.2-gcj-4.0-1.4.2.0/jre --enable-mpfr --disable-werror --with-tune=pentium4 --enable-checking=release i486-linux-gnu
Thread model: posix
gcc version 4.0.3 (Ubuntu 4.0.3-1ubuntu5)
configure:1927: $? = 0
configure:1929: gcc -V </dev/null >&5
gcc: '-V' option must have argument
configure:1932: $? = 1
configure:1955: checking for C compiler default output file name
configure:1958: gcc    conftest.c  >&5
configure:1961: $? = 0
configure:2007: result: a.out
configure:2012: checking whether the C compiler works
configure:2018: ./a.out
configure:2021: $? = 0
configure:2038: result: yes
configure:2045: checking whether we are cross compiling
configure:2047: result: no
configure:2050: checking for suffix of executables
configure:2052: gcc -o conftest    conftest.c  >&5
configure:2055: $? = 0
configure:2080: result: 
configure:2086: checking for suffix of object files
configure:2107: gcc -c   conftest.c >&5
configure:2110: $? = 0
configure:2132: result: o
configure:2136: checking whether we are using the GNU C compiler
configure:2160: gcc -c   conftest.c >&5
configure:2166: $? = 0
configure:2169: test -z 			 || test ! -s conftest.err
configure:2172: $? = 0
configure:2175: test -s conftest.o
configure:2178: $? = 0
configure:2191: result: yes
configure:2197: checking whether gcc accepts -g
configure:2218: gcc -c -g  conftest.c >&5
configure:2224: $? = 0
configure:2227: test -z 			 || test ! -s conftest.err
configure:2230: $? = 0
configure:2233: test -s conftest.o
configure:2236: $? = 0
configure:2247: result: yes
configure:2264: checking for gcc option to accept ANSI C
configure:2334: gcc  -c -g -O2  conftest.c >&5
configure:2340: $? = 0
configure:2343: test -z 			 || test ! -s conftest.err
configure:2346: $? = 0
configure:2349: test -s conftest.o
configure:2352: $? = 0
configure:2370: result: none needed
configure:2388: gcc -c -g -O2  conftest.c >&5
conftest.c:2: error: syntax error before 'me'
configure:2394: $? = 1
configure: failed program was:
| #ifndef __cplusplus
|   choke me
| #endif
configure:2539: checking how to run the C preprocessor
configure:2574: gcc -E  conftest.c
configure:2580: $? = 0
configure:2612: gcc -E  conftest.c
conftest.c:11:28: error: ac_nonexistent.h: No such file or directory
configure:2618: $? = 1
configure: failed program was:
| /* confdefs.h.  */
| 
| #define PACKAGE_NAME "practica1"
| #define PACKAGE_TARNAME "practica1"
| #define PACKAGE_VERSION "0.1"
| #define PACKAGE_STRING "practica1 0.1"
| #define PACKAGE_BUGREPORT "erik_giron@yahoo.com"
| #define PACKAGE "practica1"
| #define VERSION "0.1"
| /* end confdefs.h.  */
| #include <ac_nonexistent.h>
configure:2657: result: gcc -E
configure:2681: gcc -E  conftest.c
configure:2687: $? = 0
configure:2719: gcc -E  conftest.c
conftest.c:11:28: error: ac_nonexistent.h: No such file or directory
configure:2725: $? = 1
configure: failed program was:
| /* confdefs.h.  */
| 
| #define PACKAGE_NAME "practica1"
| #define PACKAGE_TARNAME "practica1"
| #define PACKAGE_VERSION "0.1"
| #define PACKAGE_STRING "practica1 0.1"
| #define PACKAGE_BUGREPORT "erik_giron@yahoo.com"
| #define PACKAGE "practica1"
| #define VERSION "0.1"
| /* end confdefs.h.  */
| #include <ac_nonexistent.h>
configure:2769: checking for egrep
configure:2779: result: grep -E
configure:2784: checking for ANSI C header files
configure:2809: gcc -c -g -O2  conftest.c >&5
configure:2815: $? = 0
configure:2818: test -z 			 || test ! -s conftest.err
configure:2821: $? = 0
configure:2824: test -s conftest.o
configure:2827: $? = 0
configure:2916: gcc -o conftest -g -O2   conftest.c  >&5
conftest.c: In function 'main':
conftest.c:28: warning: incompatible implicit declaration of built-in function 'exit'
configure:2919: $? = 0
configure:2921: ./conftest
configure:2924: $? = 0
configure:2939: result: yes
configure:2963: checking for sys/types.h
configure:2979: gcc -c -g -O2  conftest.c >&5
configure:2985: $? = 0
configure:2988: test -z 			 || test ! -s conftest.err
configure:2991: $? = 0
configure:2994: test -s conftest.o
configure:2997: $? = 0
configure:3008: result: yes
configure:2963: checking for sys/stat.h
configure:2979: gcc -c -g -O2  conftest.c >&5
configure:2985: $? = 0
configure:2988: test -z 			 || test ! -s conftest.err
configure:2991: $? = 0
configure:2994: test -s conftest.o
configure:2997: $? = 0
configure:3008: result: yes
configure:2963: checking for stdlib.h
configure:2979: gcc -c -g -O2  conftest.c >&5
configure:2985: $? = 0
configure:2988: test -z 			 || test ! -s conftest.err
configure:2991: $? = 0
configure:2994: test -s conftest.o
configure:2997: $? = 0
configure:3008: result: yes
configure:2963: checking for string.h
configure:2979: gcc -c -g -O2  conftest.c >&5
configure:2985: $? = 0
configure:2988: test -z 			 || test ! -s conftest.err
configure:2991: $? = 0
configure:2994: test -s conftest.o
configure:2997: $? = 0
configure:3008: result: yes
configure:2963: checking for memory.h
configure:2979: gcc -c -g -O2  conftest.c >&5
configure:2985: $? = 0
configure:2988: test -z 			 || test ! -s conftest.err
configure:2991: $? = 0
configure:2994: test -s conftest.o
configure:2997: $? = 0
configure:3008: result: yes
configure:2963: checking for strings.h
configure:2979: gcc -c -g -O2  conftest.c >&5
configure:2985: $? = 0
configure:2988: test -z 			 || test ! -s conftest.err
configure:2991: $? = 0
configure:2994: test -s conftest.o
configure:2997: $? = 0
configure:3008: result: yes
configure:2963: checking for inttypes.h
configure:2979: gcc -c -g -O2  conftest.c >&5
configure:2985: $? = 0
configure:2988: test -z 			 || test ! -s conftest.err
configure:2991: $? = 0
configure:2994: test -s conftest.o
configure:2997: $? = 0
configure:3008: result: yes
configure:2963: checking for stdint.h
configure:2979: gcc -c -g -O2  conftest.c >&5
configure:2985: $? = 0
configure:2988: test -z 			 || test ! -s conftest.err
configure:2991: $? = 0
configure:2994: test -s conftest.o
configure:2997: $? = 0
configure:3008: result: yes
configure:2963: checking for unistd.h
configure:2979: gcc -c -g -O2  conftest.c >&5
configure:2985: $? = 0
configure:2988: test -z 			 || test ! -s conftest.err
configure:2991: $? = 0
configure:2994: test -s conftest.o
configure:2997: $? = 0
configure:3008: result: yes
configure:3030: checking for inttypes.h
configure:3035: result: yes
configure:3039: checking stddef.h usability
configure:3051: gcc -c -g -O2  conftest.c >&5
configure:3057: $? = 0
configure:3060: test -z 			 || test ! -s conftest.err
configure:3063: $? = 0
configure:3066: test -s conftest.o
configure:3069: $? = 0
configure:3079: result: yes
configure:3083: checking stddef.h presence
configure:3093: gcc -E  conftest.c
configure:3099: $? = 0
configure:3119: result: yes
configure:3154: checking for stddef.h
configure:3161: result: yes
configure:3030: checking for stdlib.h
configure:3035: result: yes
configure:3030: checking for string.h
configure:3035: result: yes
configure:3030: checking for unistd.h
configure:3035: result: yes
configure:3039: checking ext2fs/ext2fs.h usability
configure:3051: gcc -c -g -O2  conftest.c >&5
configure:3057: $? = 0
configure:3060: test -z 			 || test ! -s conftest.err
configure:3063: $? = 0
configure:3066: test -s conftest.o
configure:3069: $? = 0
configure:3079: result: yes
configure:3083: checking ext2fs/ext2fs.h presence
configure:3093: gcc -E  conftest.c
configure:3099: $? = 0
configure:3119: result: yes
configure:3154: checking for ext2fs/ext2fs.h
configure:3161: result: yes
configure:3176: checking for stdbool.h that conforms to C99
configure:3229: gcc -c -g -O2  conftest.c >&5
configure:3235: $? = 0
configure:3238: test -z 			 || test ! -s conftest.err
configure:3241: $? = 0
configure:3244: test -s conftest.o
configure:3247: $? = 0
configure:3258: result: yes
configure:3260: checking for _Bool
configure:3284: gcc -c -g -O2  conftest.c >&5
configure:3290: $? = 0
configure:3293: test -z 			 || test ! -s conftest.err
configure:3296: $? = 0
configure:3299: test -s conftest.o
configure:3302: $? = 0
configure:3313: result: yes
configure:3332: checking for an ANSI C-conforming const
configure:3399: gcc -c -g -O2  conftest.c >&5
configure:3405: $? = 0
configure:3408: test -z 			 || test ! -s conftest.err
configure:3411: $? = 0
configure:3414: test -s conftest.o
configure:3417: $? = 0
configure:3428: result: yes
configure:3438: checking for size_t
configure:3462: gcc -c -g -O2  conftest.c >&5
configure:3468: $? = 0
configure:3471: test -z 			 || test ! -s conftest.err
configure:3474: $? = 0
configure:3477: test -s conftest.o
configure:3480: $? = 0
configure:3491: result: yes
configure:3510: checking for stdlib.h
configure:3515: result: yes
configure:3654: checking for GNU libc compatible malloc
configure:3683: gcc -o conftest -g -O2   conftest.c  >&5
configure:3686: $? = 0
configure:3688: ./conftest
configure:3691: $? = 0
configure:3705: result: yes
configure:3740: checking for stdlib.h
configure:3745: result: yes
configure:3884: checking for GNU libc compatible realloc
configure:3913: gcc -o conftest -g -O2   conftest.c  >&5
configure:3916: $? = 0
configure:3918: ./conftest
configure:3921: $? = 0
configure:3935: result: yes
configure:3969: checking for memset
configure:4026: gcc -o conftest -g -O2   conftest.c  >&5
conftest.c:57: warning: conflicting types for built-in function 'memset'
configure:4032: $? = 0
configure:4035: test -z 			 || test ! -s conftest.err
configure:4038: $? = 0
configure:4041: test -s conftest
configure:4044: $? = 0
configure:4056: result: yes
configure:4195: creating ./config.status

## ---------------------- ##
## Running config.status. ##
## ---------------------- ##

This file was extended by practica1 config.status 0.1, which was
generated by GNU Autoconf 2.59.  Invocation command line was

  CONFIG_FILES    = 
  CONFIG_HEADERS  = 
  CONFIG_LINKS    = 
  CONFIG_COMMANDS = 
  $ ./config.status 

on painkiller

config.status:688: creating Makefile

## ---------------- ##
## Cache variables. ##
## ---------------- ##

ac_cv_c_compiler_gnu=yes
ac_cv_c_const=yes
ac_cv_env_CC_set=
ac_cv_env_CC_value=
ac_cv_env_CFLAGS_set=
ac_cv_env_CFLAGS_value=
ac_cv_env_CPPFLAGS_set=
ac_cv_env_CPPFLAGS_value=
ac_cv_env_CPP_set=
ac_cv_env_CPP_value=
ac_cv_env_LDFLAGS_set=
ac_cv_env_LDFLAGS_value=
ac_cv_env_build_alias_set=
ac_cv_env_build_alias_value=
ac_cv_env_host_alias_set=
ac_cv_env_host_alias_value=
ac_cv_env_target_alias_set=
ac_cv_env_target_alias_value=
ac_cv_exeext=
ac_cv_func_malloc_0_nonnull=yes
ac_cv_func_memset=yes
ac_cv_func_realloc_0_nonnull=yes
ac_cv_header_ext2fs_ext2fs_h=yes
ac_cv_header_inttypes_h=yes
ac_cv_header_memory_h=yes
ac_cv_header_stdbool_h=yes
ac_cv_header_stdc=yes
ac_cv_header_stddef_h=yes
ac_cv_header_stdint_h=yes
ac_cv_header_stdlib_h=yes
ac_cv_header_string_h=yes
ac_cv_header_strings_h=yes
ac_cv_header_sys_stat_h=yes
ac_cv_header_sys_types_h=yes
ac_cv_header_unistd_h=yes
ac_cv_objext=o
ac_cv_path_install='/usr/bin/install -c'
ac_cv_prog_CPP='gcc -E'
ac_cv_prog_ac_ct_CC=gcc
ac_cv_prog_cc_g=yes
ac_cv_prog_cc_stdc=
ac_cv_prog_egrep='grep -E'
ac_cv_prog_make_make_set=yes
ac_cv_type__Bool=yes
ac_cv_type_size_t=yes

## ----------------- ##
## Output variables. ##
## ----------------- ##

ACLOCAL='aclocal-1.4'
AUTOCONF='autoconf'
AUTOHEADER='autoheader'
AUTOMAKE='automake-1.4'
CC='gcc'
CFLAGS='-g -O2'
CPP='gcc -E'
CPPFLAGS=''
DEFS='-DPACKAGE_NAME=\"practica1\" -DPACKAGE_TARNAME=\"practica1\" -DPACKAGE_VERSION=\"0.1\" -DPACKAGE_STRING=\"practica1\ 0.1\" -DPACKAGE_BUGREPORT=\"erik_giron@yahoo.com\" -DPACKAGE=\"practica1\" -DVERSION=\"0.1\" -DSTDC_HEADERS=1 -DHAVE_SYS_TYPES_H=1 -DHAVE_SYS_STAT_H=1 -DHAVE_STDLIB_H=1 -DHAVE_STRING_H=1 -DHAVE_MEMORY_H=1 -DHAVE_STRINGS_H=1 -DHAVE_INTTYPES_H=1 -DHAVE_STDINT_H=1 -DHAVE_UNISTD_H=1 -DHAVE_INTTYPES_H=1 -DHAVE_STDDEF_H=1 -DHAVE_STDLIB_H=1 -DHAVE_STRING_H=1 -DHAVE_UNISTD_H=1 -DHAVE_EXT2FS_EXT2FS_H=1 -DHAVE__BOOL=1 -DHAVE_STDBOOL_H=1 -DHAVE_STDLIB_H=1 -DHAVE_MALLOC=1 -DHAVE_STDLIB_H=1 -DHAVE_REALLOC=1 -DHAVE_MEMSET=1 '
ECHO_C=''
ECHO_N='-n'
ECHO_T=''
EGREP='grep -E'
EXEEXT=''
INSTALL_DATA='${INSTALL} -m 644'
INSTALL_PROGRAM='${INSTALL}'
INSTALL_SCRIPT='${INSTALL}'
LDFLAGS=''
LIBOBJS=''
LIBS=''
LTLIBOBJS=''
MAKEINFO='/home/kreig/projects/fs/practica1/missing makeinfo'
OBJEXT='o'
PACKAGE='practica1'
PACKAGE_BUGREPORT='erik_giron@yahoo.com'
PACKAGE_NAME='practica1'
PACKAGE_STRING='practica1 0.1'
PACKAGE_TARNAME='practica1'
PACKAGE_VERSION='0.1'
PATH_SEPARATOR=':'
SET_MAKE=''
SHELL='/bin/sh'
VERSION='0.1'
ac_ct_CC='gcc'
bindir='${exec_prefix}/bin'
build_alias=''
datadir='${prefix}/share'
exec_prefix='${prefix}'
host_alias=''
includedir='${prefix}/include'
infodir='${prefix}/info'
libdir='${exec_prefix}/lib'
libexecdir='${exec_prefix}/libexec'
localstatedir='${prefix}/var'
mandir='${prefix}/man'
oldincludedir='/usr/include'
prefix='/usr/local'
program_transform_name='s,x,x,'
sbindir='${exec_prefix}/sbin'
sharedstatedir='${prefix}/com'
sysconfdir='${prefix}/etc'
target_alias=''

## ----------- ##
## confdefs.h. ##
## ----------- ##

#define HAVE_EXT2FS_EXT2FS_H 1
#define HAVE_INTTYPES_H 1
#define HAVE_INTTYPES_H 1
#define HAVE_MALLOC 1
#define HAVE_MEMORY_H 1
#define HAVE_MEMSET 1
#define HAVE_REALLOC 1
#define HAVE_STDBOOL_H 1
#define HAVE_STDDEF_H 1
#define HAVE_STDINT_H 1
#define HAVE_STDLIB_H 1
#define HAVE_STDLIB_H 1
#define HAVE_STDLIB_H 1
#define HAVE_STDLIB_H 1
#define HAVE_STRINGS_H 1
#define HAVE_STRING_H 1
#define HAVE_STRING_H 1
#define HAVE_SYS_STAT_H 1
#define HAVE_SYS_TYPES_H 1
#define HAVE_UNISTD_H 1
#define HAVE_UNISTD_H 1
#define HAVE__BOOL 1
#define PACKAGE "practica1"
#define PACKAGE_BUGREPORT "erik_giron@yahoo.com"
#define PACKAGE_NAME "practica1"
#define PACKAGE_STRING "practica1 0.1"
#define PACKAGE_TARNAME "practica1"
#define PACKAGE_VERSION "0.1"
#define STDC_HEADERS 1
#define VERSION "0.1"

configure: exit 0
