
SQL*Loader: Release 10.2.0.1.0 - Production on Tue May 13 20:43:36 2008

Copyright (c) 1982, 2005, Oracle.  All rights reserved.

Control File:   depto.ctl
Data File:      c:\departamentos.txt
  Bad File:     departamentos.bad
  Discard File: departamentos.dsc 
 (Allow 999 discards)

Number to load: ALL
Number to skip: 0
Errors allowed: 50
Bind array:     64 rows, maximum of 256000 bytes
Continuation:   1:1 = 0X2a(character '*'), in current physical record
Path used:      Conventional

Table DEPTO, loaded from every logical record.
Insert option in effect for this table: APPEND

   Column Name                  Position   Len  Term Encl Datatype
------------------------------ ---------- ----- ---- ---- ---------------------
CODIGO                              FIRST     *   ,  O(") CHARACTER            
NOMBRE                               NEXT     *   ,  O(") CHARACTER            
TIPO                                 NEXT     *   ,  O(") CHARACTER            


Table DEPTO:
  22 Rows successfully loaded.
  0 Rows not loaded due to data errors.
  0 Rows not loaded because all WHEN clauses were failed.
  0 Rows not loaded because all fields were null.


Space allocated for bind array:                  49536 bytes(64 rows)
Read   buffer bytes: 1048576

Total logical records skipped:          0
Total logical records read:            22
Total logical records rejected:         0
Total logical records discarded:        0

Run began on Tue May 13 20:43:36 2008
Run ended on Tue May 13 20:43:37 2008

Elapsed time was:     00:00:00.24
CPU time was:         00:00:00.14
